Analysis & Synthesis report for Project5Top
Wed Dec 09 17:53:05 2020
Quartus Prime Version 18.1.0 Build 625 09/12/2018 SJ Lite Edition


---------------------
; Table of Contents ;
---------------------
  1. Legal Notice
  2. Analysis & Synthesis Summary
  3. Analysis & Synthesis Settings
  4. Parallel Compilation
  5. Analysis & Synthesis Source Files Read
  6. Analysis & Synthesis Resource Usage Summary
  7. Analysis & Synthesis Resource Utilization by Entity
  8. State Machine - |project5Top|state
  9. State Machine - |project5Top|buttonpressed:btn|state
 10. Registers Removed During Synthesis
 11. General Register Statistics
 12. Multiplexer Restructuring Statistics (Restructuring Performed)
 13. Parameter Settings for User Entity Instance: buttonpressed:btn
 14. Port Connectivity Checks: "ALU_jdl25175:ALU|Multiplier:mult|RightShiftReg:shftReg"
 15. Port Connectivity Checks: "ALU_jdl25175:ALU|ShiftRotational_16Bit_Operator:RS"
 16. Post-Synthesis Netlist Statistics for Top Partition
 17. Elapsed Time Per Partition
 18. Analysis & Synthesis Messages
 19. Analysis & Synthesis Suppressed Messages



----------------
; Legal Notice ;
----------------
Copyright (C) 2018  Intel Corporation. All rights reserved.
Your use of Intel Corporation's design tools, logic functions 
and other software and tools, and its AMPP partner logic 
functions, and any output files from any of the foregoing 
(including device programming or simulation files), and any 
associated documentation or information are expressly subject 
to the terms and conditions of the Intel Program License 
Subscription Agreement, the Intel Quartus Prime License Agreement,
the Intel FPGA IP License Agreement, or other applicable license
agreement, including, without limitation, that your use is for
the sole purpose of programming logic devices manufactured by
Intel and sold by Intel or its authorized distributors.  Please
refer to the applicable agreement for further details.



+-------------------------------------------------------------------------------+
; Analysis & Synthesis Summary                                                  ;
+---------------------------------+---------------------------------------------+
; Analysis & Synthesis Status     ; Successful - Wed Dec 09 17:53:05 2020       ;
; Quartus Prime Version           ; 18.1.0 Build 625 09/12/2018 SJ Lite Edition ;
; Revision Name                   ; Project5Top                                 ;
; Top-level Entity Name           ; project5Top                                 ;
; Family                          ; Cyclone V                                   ;
; Logic utilization (in ALMs)     ; N/A                                         ;
; Total registers                 ; 64                                          ;
; Total pins                      ; 67                                          ;
; Total virtual pins              ; 0                                           ;
; Total block memory bits         ; 0                                           ;
; Total DSP Blocks                ; 0                                           ;
; Total HSSI RX PCSs              ; 0                                           ;
; Total HSSI PMA RX Deserializers ; 0                                           ;
; Total HSSI TX PCSs              ; 0                                           ;
; Total HSSI PMA TX Serializers   ; 0                                           ;
; Total PLLs                      ; 0                                           ;
; Total DLLs                      ; 0                                           ;
+---------------------------------+---------------------------------------------+


+---------------------------------------------------------------------------------------------------------------------------+
; Analysis & Synthesis Settings                                                                                             ;
+---------------------------------------------------------------------------------+--------------------+--------------------+
; Option                                                                          ; Setting            ; Default Value      ;
+---------------------------------------------------------------------------------+--------------------+--------------------+
; Device                                                                          ; 5CSEMA5F31C6       ;                    ;
; Top-level entity name                                                           ; project5Top        ; Project5Top        ;
; Family name                                                                     ; Cyclone V          ; Cyclone V          ;
; Use smart compilation                                                           ; Off                ; Off                ;
; Enable parallel Assembler and Timing Analyzer during compilation                ; On                 ; On                 ;
; Enable compact report table                                                     ; Off                ; Off                ;
; Restructure Multiplexers                                                        ; Auto               ; Auto               ;
; MLAB Add Timing Constraints For Mixed-Port Feed-Through Mode Setting Don't Care ; Off                ; Off                ;
; Create Debugging Nodes for IP Cores                                             ; Off                ; Off                ;
; Preserve fewer node names                                                       ; On                 ; On                 ;
; Intel FPGA IP Evaluation Mode                                                   ; Enable             ; Enable             ;
; Verilog Version                                                                 ; Verilog_2001       ; Verilog_2001       ;
; VHDL Version                                                                    ; VHDL_1993          ; VHDL_1993          ;
; State Machine Processing                                                        ; Auto               ; Auto               ;
; Safe State Machine                                                              ; Off                ; Off                ;
; Extract Verilog State Machines                                                  ; On                 ; On                 ;
; Extract VHDL State Machines                                                     ; On                 ; On                 ;
; Ignore Verilog initial constructs                                               ; Off                ; Off                ;
; Iteration limit for constant Verilog loops                                      ; 5000               ; 5000               ;
; Iteration limit for non-constant Verilog loops                                  ; 250                ; 250                ;
; Add Pass-Through Logic to Inferred RAMs                                         ; On                 ; On                 ;
; Infer RAMs from Raw Logic                                                       ; On                 ; On                 ;
; Parallel Synthesis                                                              ; On                 ; On                 ;
; DSP Block Balancing                                                             ; Auto               ; Auto               ;
; NOT Gate Push-Back                                                              ; On                 ; On                 ;
; Power-Up Don't Care                                                             ; On                 ; On                 ;
; Remove Redundant Logic Cells                                                    ; Off                ; Off                ;
; Remove Duplicate Registers                                                      ; On                 ; On                 ;
; Ignore CARRY Buffers                                                            ; Off                ; Off                ;
; Ignore CASCADE Buffers                                                          ; Off                ; Off                ;
; Ignore GLOBAL Buffers                                                           ; Off                ; Off                ;
; Ignore ROW GLOBAL Buffers                                                       ; Off                ; Off                ;
; Ignore LCELL Buffers                                                            ; Off                ; Off                ;
; Ignore SOFT Buffers                                                             ; On                 ; On                 ;
; Limit AHDL Integers to 32 Bits                                                  ; Off                ; Off                ;
; Optimization Technique                                                          ; Balanced           ; Balanced           ;
; Carry Chain Length                                                              ; 70                 ; 70                 ;
; Auto Carry Chains                                                               ; On                 ; On                 ;
; Auto Open-Drain Pins                                                            ; On                 ; On                 ;
; Perform WYSIWYG Primitive Resynthesis                                           ; Off                ; Off                ;
; Auto ROM Replacement                                                            ; On                 ; On                 ;
; Auto RAM Replacement                                                            ; On                 ; On                 ;
; Auto DSP Block Replacement                                                      ; On                 ; On                 ;
; Auto Shift Register Replacement                                                 ; Auto               ; Auto               ;
; Allow Shift Register Merging across Hierarchies                                 ; Auto               ; Auto               ;
; Auto Clock Enable Replacement                                                   ; On                 ; On                 ;
; Strict RAM Replacement                                                          ; Off                ; Off                ;
; Allow Synchronous Control Signals                                               ; On                 ; On                 ;
; Force Use of Synchronous Clear Signals                                          ; Off                ; Off                ;
; Auto Resource Sharing                                                           ; Off                ; Off                ;
; Allow Any RAM Size For Recognition                                              ; Off                ; Off                ;
; Allow Any ROM Size For Recognition                                              ; Off                ; Off                ;
; Allow Any Shift Register Size For Recognition                                   ; Off                ; Off                ;
; Use LogicLock Constraints during Resource Balancing                             ; On                 ; On                 ;
; Ignore translate_off and synthesis_off directives                               ; Off                ; Off                ;
; Timing-Driven Synthesis                                                         ; On                 ; On                 ;
; Report Parameter Settings                                                       ; On                 ; On                 ;
; Report Source Assignments                                                       ; On                 ; On                 ;
; Report Connectivity Checks                                                      ; On                 ; On                 ;
; Ignore Maximum Fan-Out Assignments                                              ; Off                ; Off                ;
; Synchronization Register Chain Length                                           ; 3                  ; 3                  ;
; Power Optimization During Synthesis                                             ; Normal compilation ; Normal compilation ;
; HDL message level                                                               ; Level2             ; Level2             ;
; Suppress Register Optimization Related Messages                                 ; Off                ; Off                ;
; Number of Removed Registers Reported in Synthesis Report                        ; 5000               ; 5000               ;
; Number of Swept Nodes Reported in Synthesis Report                              ; 5000               ; 5000               ;
; Number of Inverted Registers Reported in Synthesis Report                       ; 100                ; 100                ;
; Clock MUX Protection                                                            ; On                 ; On                 ;
; Auto Gated Clock Conversion                                                     ; Off                ; Off                ;
; Block Design Naming                                                             ; Auto               ; Auto               ;
; SDC constraint protection                                                       ; Off                ; Off                ;
; Synthesis Effort                                                                ; Auto               ; Auto               ;
; Shift Register Replacement - Allow Asynchronous Clear Signal                    ; On                 ; On                 ;
; Pre-Mapping Resynthesis Optimization                                            ; Off                ; Off                ;
; Analysis & Synthesis Message Level                                              ; Medium             ; Medium             ;
; Disable Register Merging Across Hierarchies                                     ; Auto               ; Auto               ;
; Resource Aware Inference For Block RAM                                          ; On                 ; On                 ;
; Automatic Parallel Synthesis                                                    ; On                 ; On                 ;
; Partial Reconfiguration Bitstream ID                                            ; Off                ; Off                ;
+---------------------------------------------------------------------------------+--------------------+--------------------+


+------------------------------------------+
; Parallel Compilation                     ;
+----------------------------+-------------+
; Processors                 ; Number      ;
+----------------------------+-------------+
; Number detected on machine ; 8           ;
; Maximum allowed            ; 4           ;
;                            ;             ;
; Average used               ; 1.00        ;
; Maximum used               ; 4           ;
;                            ;             ;
; Usage by Processor         ; % Time Used ;
;     Processor 1            ; 100.0%      ;
;     Processors 2-4         ;   0.0%      ;
+----------------------------+-------------+


+---------------------------------------------------------------------------------------------------------------------------------------------------------------------+
; Analysis & Synthesis Source Files Read                                                                                                                              ;
+----------------------------------+-----------------+------------------------+-----------------------------------------------------------------------------+---------+
; File Name with User-Entered Path ; Used in Netlist ; File Type              ; File Name with Absolute Path                                                ; Library ;
+----------------------------------+-----------------+------------------------+-----------------------------------------------------------------------------+---------+
; hexdriver.v                      ; yes             ; User Verilog HDL File  ; C:/Users/hacke/Desktop/ECE 3544/Project 5/Project5_restored/hexdriver.v     ;         ;
; buttonpressed.v                  ; yes             ; User Verilog HDL File  ; C:/Users/hacke/Desktop/ECE 3544/Project 5/Project5_restored/buttonpressed.v ;         ;
; ALU.v                            ; yes             ; User Verilog HDL File  ; C:/Users/hacke/Desktop/ECE 3544/Project 5/Project5_restored/ALU.v           ;         ;
; project5Top.v                    ; yes             ; User Verilog HDL File  ; C:/Users/hacke/Desktop/ECE 3544/Project 5/Project5_restored/project5Top.v   ;         ;
+----------------------------------+-----------------+------------------------+-----------------------------------------------------------------------------+---------+


+----------------------------------------------------------------------------+
; Analysis & Synthesis Resource Usage Summary                                ;
+---------------------------------------------+------------------------------+
; Resource                                    ; Usage                        ;
+---------------------------------------------+------------------------------+
; Estimate of Logic utilization (ALMs needed) ; 307                          ;
;                                             ;                              ;
; Combinational ALUT usage for logic          ; 488                          ;
;     -- 7 input functions                    ; 15                           ;
;     -- 6 input functions                    ; 108                          ;
;     -- 5 input functions                    ; 119                          ;
;     -- 4 input functions                    ; 114                          ;
;     -- <=3 input functions                  ; 132                          ;
;                                             ;                              ;
; Dedicated logic registers                   ; 64                           ;
;                                             ;                              ;
; I/O pins                                    ; 67                           ;
;                                             ;                              ;
; Total DSP Blocks                            ; 0                            ;
;                                             ;                              ;
; Maximum fan-out node                        ; ALU_jdl25175:ALU|shftRight~0 ;
; Maximum fan-out                             ; 86                           ;
; Total fan-out                               ; 2537                         ;
; Average fan-out                             ; 3.70                         ;
+---------------------------------------------+------------------------------+


+--------------------------------------------------------------------------------------------------------------------------------------------------------------------------------------------------------------------------------------------------------------------------+
; Analysis & Synthesis Resource Utilization by Entity                                                                                                                                                                                                                      ;
+-------------------------------------------+---------------------+---------------------------+-------------------+------------+------+--------------+---------------------------------------------------------------------+--------------------------------+--------------+
; Compilation Hierarchy Node                ; Combinational ALUTs ; Dedicated Logic Registers ; Block Memory Bits ; DSP Blocks ; Pins ; Virtual Pins ; Full Hierarchy Name                                                 ; Entity Name                    ; Library Name ;
+-------------------------------------------+---------------------+---------------------------+-------------------+------------+------+--------------+---------------------------------------------------------------------+--------------------------------+--------------+
; |project5Top                              ; 488 (65)            ; 64 (41)                   ; 0                 ; 0          ; 67   ; 0            ; |project5Top                                                        ; project5Top                    ; work         ;
;    |ALU_jdl25175:ALU|                     ; 377 (165)           ; 20 (0)                    ; 0                 ; 0          ; 0    ; 0            ; |project5Top|ALU_jdl25175:ALU                                       ; ALU_jdl25175                   ; work         ;
;       |Multiplier:mult|                   ; 33 (22)             ; 20 (3)                    ; 0                 ; 0          ; 0    ; 0            ; |project5Top|ALU_jdl25175:ALU|Multiplier:mult                       ; Multiplier                     ; work         ;
;          |RightShiftReg:shftReg|          ; 11 (11)             ; 17 (17)                   ; 0                 ; 0          ; 0    ; 0            ; |project5Top|ALU_jdl25175:ALU|Multiplier:mult|RightShiftReg:shftReg ; RightShiftReg                  ; work         ;
;       |ShiftArithmetic_16Bit_Operator:AS| ; 68 (68)             ; 0 (0)                     ; 0                 ; 0          ; 0    ; 0            ; |project5Top|ALU_jdl25175:ALU|ShiftArithmetic_16Bit_Operator:AS     ; ShiftArithmetic_16Bit_Operator ; work         ;
;       |ShiftRotational_16Bit_Operator:RS| ; 111 (111)           ; 0 (0)                     ; 0                 ; 0          ; 0    ; 0            ; |project5Top|ALU_jdl25175:ALU|ShiftRotational_16Bit_Operator:RS     ; ShiftRotational_16Bit_Operator ; work         ;
;    |buttonpressed:btn|                    ; 3 (3)               ; 3 (3)                     ; 0                 ; 0          ; 0    ; 0            ; |project5Top|buttonpressed:btn                                      ; buttonpressed                  ; work         ;
;    |hexdriver:hd0|                        ; 7 (7)               ; 0 (0)                     ; 0                 ; 0          ; 0    ; 0            ; |project5Top|hexdriver:hd0                                          ; hexdriver                      ; work         ;
;    |hexdriver:hd1|                        ; 7 (7)               ; 0 (0)                     ; 0                 ; 0          ; 0    ; 0            ; |project5Top|hexdriver:hd1                                          ; hexdriver                      ; work         ;
;    |hexdriver:hd2|                        ; 7 (7)               ; 0 (0)                     ; 0                 ; 0          ; 0    ; 0            ; |project5Top|hexdriver:hd2                                          ; hexdriver                      ; work         ;
;    |hexdriver:hd3|                        ; 7 (7)               ; 0 (0)                     ; 0                 ; 0          ; 0    ; 0            ; |project5Top|hexdriver:hd3                                          ; hexdriver                      ; work         ;
;    |hexdriver:hd4|                        ; 15 (15)             ; 0 (0)                     ; 0                 ; 0          ; 0    ; 0            ; |project5Top|hexdriver:hd4                                          ; hexdriver                      ; work         ;
+-------------------------------------------+---------------------+---------------------------+-------------------+------------+------+--------------+---------------------------------------------------------------------+--------------------------------+--------------+
Note: For table entries with two numbers listed, the numbers in parentheses indicate the number of resources of the given type used by the specific entity alone. The numbers listed outside of parentheses indicate the total resources of the given type used by the specific entity and all of its sub-entities in the hierarchy.


Encoding Type:  One-Hot
+------------------------------------------------------+
; State Machine - |project5Top|state                   ;
+----------+----------+----------+----------+----------+
; Name     ; state.11 ; state.10 ; state.01 ; state.00 ;
+----------+----------+----------+----------+----------+
; state.00 ; 0        ; 0        ; 0        ; 0        ;
; state.01 ; 0        ; 0        ; 1        ; 1        ;
; state.10 ; 0        ; 1        ; 0        ; 1        ;
; state.11 ; 1        ; 0        ; 0        ; 1        ;
+----------+----------+----------+----------+----------+


Encoding Type:  One-Hot
+------------------------------------------------------------------------------------------+
; State Machine - |project5Top|buttonpressed:btn|state                                     ;
+-----------------------+-------------------+-----------------------+----------------------+
; Name                  ; state.BUTTON_FREE ; state.BUTTON_RELEASED ; state.BUTTON_PRESSED ;
+-----------------------+-------------------+-----------------------+----------------------+
; state.BUTTON_FREE     ; 0                 ; 0                     ; 0                    ;
; state.BUTTON_PRESSED  ; 1                 ; 0                     ; 1                    ;
; state.BUTTON_RELEASED ; 1                 ; 1                     ; 0                    ;
+-----------------------+-------------------+-----------------------+----------------------+


+------------------------------------------------------------+
; Registers Removed During Synthesis                         ;
+---------------------------------------+--------------------+
; Register name                         ; Reason for Removal ;
+---------------------------------------+--------------------+
; state~6                               ; Lost fanout        ;
; state~7                               ; Lost fanout        ;
; Total Number of Removed Registers = 2 ;                    ;
+---------------------------------------+--------------------+


+------------------------------------------------------+
; General Register Statistics                          ;
+----------------------------------------------+-------+
; Statistic                                    ; Value ;
+----------------------------------------------+-------+
; Total registers                              ; 64    ;
; Number of registers using Synchronous Clear  ; 9     ;
; Number of registers using Synchronous Load   ; 10    ;
; Number of registers using Asynchronous Clear ; 44    ;
; Number of registers using Asynchronous Load  ; 0     ;
; Number of registers using Clock Enable       ; 43    ;
; Number of registers using Preset             ; 0     ;
+----------------------------------------------+-------+


+----------------------------------------------------------------------------------------------------------------------------------------------------------------------------------------------+
; Multiplexer Restructuring Statistics (Restructuring Performed)                                                                                                                               ;
+--------------------+-----------+---------------+----------------------+------------------------+------------+--------------------------------------------------------------------------------+
; Multiplexer Inputs ; Bus Width ; Baseline Area ; Area if Restructured ; Saving if Restructured ; Registered ; Example Multiplexer Output                                                     ;
+--------------------+-----------+---------------+----------------------+------------------------+------------+--------------------------------------------------------------------------------+
; 4:1                ; 8 bits    ; 16 LEs        ; 0 LEs                ; 16 LEs                 ; Yes        ; |project5Top|ALU_jdl25175:ALU|Multiplier:mult|RightShiftReg:shftReg|regVal[13] ;
; 4:1                ; 7 bits    ; 14 LEs        ; 14 LEs               ; 0 LEs                  ; Yes        ; |project5Top|ALU_jdl25175:ALU|Multiplier:mult|RightShiftReg:shftReg|regVal[5]  ;
+--------------------+-----------+---------------+----------------------+------------------------+------------+--------------------------------------------------------------------------------+


+----------------------------------------------------------------+
; Parameter Settings for User Entity Instance: buttonpressed:btn ;
+-----------------+-------+--------------------------------------+
; Parameter Name  ; Value ; Type                                 ;
+-----------------+-------+--------------------------------------+
; BUTTON_FREE     ; 00    ; Unsigned Binary                      ;
; BUTTON_PRESSED  ; 01    ; Unsigned Binary                      ;
; BUTTON_RELEASED ; 10    ; Unsigned Binary                      ;
+-----------------+-------+--------------------------------------+
Note: In order to hide this table in the UI and the text report file, please set the "Show Parameter Settings in Synthesis Report" option in "Analysis and Synthesis Settings -> More Settings" to "Off".


+------------------------------------------------------------------------------------+
; Port Connectivity Checks: "ALU_jdl25175:ALU|Multiplier:mult|RightShiftReg:shftReg" ;
+------+-------+----------+----------------------------------------------------------+
; Port ; Type  ; Severity ; Details                                                  ;
+------+-------+----------+----------------------------------------------------------+
; load ; Input ; Info     ; Stuck at VCC                                             ;
+------+-------+----------+----------------------------------------------------------+


+--------------------------------------------------------------------------------+
; Port Connectivity Checks: "ALU_jdl25175:ALU|ShiftRotational_16Bit_Operator:RS" ;
+----------------+-------+----------+--------------------------------------------+
; Port           ; Type  ; Severity ; Details                                    ;
+----------------+-------+----------+--------------------------------------------+
; operand[15..8] ; Input ; Info     ; Stuck at GND                               ;
+----------------+-------+----------+--------------------------------------------+


+-----------------------------------------------------+
; Post-Synthesis Netlist Statistics for Top Partition ;
+-----------------------+-----------------------------+
; Type                  ; Count                       ;
+-----------------------+-----------------------------+
; arriav_ff             ; 64                          ;
;     CLR               ; 7                           ;
;     CLR SCLR          ; 1                           ;
;     ENA               ; 7                           ;
;     ENA CLR           ; 36                          ;
;     SCLR SLD          ; 8                           ;
;     SLD               ; 2                           ;
;     plain             ; 3                           ;
; arriav_lcell_comb     ; 490                         ;
;     arith             ; 47                          ;
;         0 data inputs ; 3                           ;
;         3 data inputs ; 9                           ;
;         4 data inputs ; 8                           ;
;         5 data inputs ; 27                          ;
;     extend            ; 15                          ;
;         7 data inputs ; 15                          ;
;     normal            ; 428                         ;
;         0 data inputs ; 1                           ;
;         1 data inputs ; 2                           ;
;         2 data inputs ; 46                          ;
;         3 data inputs ; 73                          ;
;         4 data inputs ; 106                         ;
;         5 data inputs ; 92                          ;
;         6 data inputs ; 108                         ;
; boundary_port         ; 67                          ;
;                       ;                             ;
; Max LUT depth         ; 9.00                        ;
; Average LUT depth     ; 5.57                        ;
+-----------------------+-----------------------------+


+-------------------------------+
; Elapsed Time Per Partition    ;
+----------------+--------------+
; Partition Name ; Elapsed Time ;
+----------------+--------------+
; Top            ; 00:00:36     ;
+----------------+--------------+


+-------------------------------+
; Analysis & Synthesis Messages ;
+-------------------------------+
Info: *******************************************************************
Info: Running Quartus Prime Analysis & Synthesis
    Info: Version 18.1.0 Build 625 09/12/2018 SJ Lite Edition
    Info: Processing started: Wed Dec 09 17:52:13 2020
Info: Command: quartus_map --read_settings_files=on --write_settings_files=off Project5 -c Project5Top
Warning (18236): Number of processors has not been specified which may cause overloading on shared machines.  Set the global assignment NUM_PARALLEL_PROCESSORS in your QSF to an appropriate value for best performance.
Info (20030): Parallel compilation is enabled and will use 4 of the 4 processors detected
Info (12021): Found 1 design units, including 1 entities, in source file hexdriver.v
    Info (12023): Found entity 1: hexdriver File: C:/Users/hacke/Desktop/ECE 3544/Project 5/Project5_restored/hexdriver.v Line: 11
Info (12021): Found 1 design units, including 1 entities, in source file buttonpressed.v
    Info (12023): Found entity 1: buttonpressed File: C:/Users/hacke/Desktop/ECE 3544/Project 5/Project5_restored/buttonpressed.v Line: 12
Info (12021): Found 6 design units, including 6 entities, in source file alu.v
    Info (12023): Found entity 1: ALU_jdl25175 File: C:/Users/hacke/Desktop/ECE 3544/Project 5/Project5_restored/ALU.v Line: 9
    Info (12023): Found entity 2: SignExtender8To16Bit File: C:/Users/hacke/Desktop/ECE 3544/Project 5/Project5_restored/ALU.v Line: 49
    Info (12023): Found entity 3: ShiftArithmetic_16Bit_Operator File: C:/Users/hacke/Desktop/ECE 3544/Project 5/Project5_restored/ALU.v Line: 55
    Info (12023): Found entity 4: ShiftRotational_16Bit_Operator File: C:/Users/hacke/Desktop/ECE 3544/Project 5/Project5_restored/ALU.v Line: 94
    Info (12023): Found entity 5: RightShiftReg File: C:/Users/hacke/Desktop/ECE 3544/Project 5/Project5_restored/ALU.v Line: 133
    Info (12023): Found entity 6: Multiplier File: C:/Users/hacke/Desktop/ECE 3544/Project 5/Project5_restored/ALU.v Line: 149
Info (12021): Found 1 design units, including 1 entities, in source file project5top.v
    Info (12023): Found entity 1: project5Top File: C:/Users/hacke/Desktop/ECE 3544/Project 5/Project5_restored/project5Top.v Line: 14
Info (12127): Elaborating entity "project5Top" for the top level hierarchy
Warning (10034): Output port "HEX4" at project5Top.v(19) has no driver File: C:/Users/hacke/Desktop/ECE 3544/Project 5/Project5_restored/project5Top.v Line: 19
Info (12128): Elaborating entity "buttonpressed" for hierarchy "buttonpressed:btn" File: C:/Users/hacke/Desktop/ECE 3544/Project 5/Project5_restored/project5Top.v Line: 40
Info (12128): Elaborating entity "ALU_jdl25175" for hierarchy "ALU_jdl25175:ALU" File: C:/Users/hacke/Desktop/ECE 3544/Project 5/Project5_restored/project5Top.v Line: 41
Info (12128): Elaborating entity "SignExtender8To16Bit" for hierarchy "ALU_jdl25175:ALU|SignExtender8To16Bit:SE1" File: C:/Users/hacke/Desktop/ECE 3544/Project 5/Project5_restored/ALU.v Line: 19
Info (12128): Elaborating entity "ShiftArithmetic_16Bit_Operator" for hierarchy "ALU_jdl25175:ALU|ShiftArithmetic_16Bit_Operator:AS" File: C:/Users/hacke/Desktop/ECE 3544/Project 5/Project5_restored/ALU.v Line: 20
Info (12128): Elaborating entity "ShiftRotational_16Bit_Operator" for hierarchy "ALU_jdl25175:ALU|ShiftRotational_16Bit_Operator:RS" File: C:/Users/hacke/Desktop/ECE 3544/Project 5/Project5_restored/ALU.v Line: 21
Info (12128): Elaborating entity "Multiplier" for hierarchy "ALU_jdl25175:ALU|Multiplier:mult" File: C:/Users/hacke/Desktop/ECE 3544/Project 5/Project5_restored/ALU.v Line: 22
Info (12128): Elaborating entity "RightShiftReg" for hierarchy "ALU_jdl25175:ALU|Multiplier:mult|RightShiftReg:shftReg" File: C:/Users/hacke/Desktop/ECE 3544/Project 5/Project5_restored/ALU.v Line: 160
Info (12128): Elaborating entity "hexdriver" for hierarchy "hexdriver:hd0" File: C:/Users/hacke/Desktop/ECE 3544/Project 5/Project5_restored/project5Top.v Line: 42
Warning (13024): Output pins are stuck at VCC or GND
    Warning (13410): Pin "HEX4[0]" is stuck at GND File: C:/Users/hacke/Desktop/ECE 3544/Project 5/Project5_restored/project5Top.v Line: 19
    Warning (13410): Pin "HEX4[1]" is stuck at GND File: C:/Users/hacke/Desktop/ECE 3544/Project 5/Project5_restored/project5Top.v Line: 19
    Warning (13410): Pin "HEX4[2]" is stuck at GND File: C:/Users/hacke/Desktop/ECE 3544/Project 5/Project5_restored/project5Top.v Line: 19
    Warning (13410): Pin "HEX4[3]" is stuck at GND File: C:/Users/hacke/Desktop/ECE 3544/Project 5/Project5_restored/project5Top.v Line: 19
    Warning (13410): Pin "HEX4[4]" is stuck at GND File: C:/Users/hacke/Desktop/ECE 3544/Project 5/Project5_restored/project5Top.v Line: 19
    Warning (13410): Pin "HEX4[5]" is stuck at GND File: C:/Users/hacke/Desktop/ECE 3544/Project 5/Project5_restored/project5Top.v Line: 19
    Warning (13410): Pin "HEX4[6]" is stuck at GND File: C:/Users/hacke/Desktop/ECE 3544/Project 5/Project5_restored/project5Top.v Line: 19
    Warning (13410): Pin "LED[8]" is stuck at GND File: C:/Users/hacke/Desktop/ECE 3544/Project 5/Project5_restored/project5Top.v Line: 24
    Warning (13410): Pin "LED[9]" is stuck at GND File: C:/Users/hacke/Desktop/ECE 3544/Project 5/Project5_restored/project5Top.v Line: 24
Info (286030): Timing-Driven Synthesis is running
Info (17049): 2 registers lost all their fanouts during netlist optimizations.
Info (144001): Generated suppressed messages file C:/Users/hacke/Desktop/ECE 3544/Project 5/Project5_restored/output_files/Project5Top.map.smsg
Info (16010): Generating hard_block partition "hard_block:auto_generated_inst"
    Info (16011): Adding 0 node(s), including 0 DDIO, 0 PLL, 0 transceiver and 0 LCELL
Warning (21074): Design contains 4 input pin(s) that do not drive logic
    Warning (15610): No output dependent on input pin "KEY[2]" File: C:/Users/hacke/Desktop/ECE 3544/Project 5/Project5_restored/project5Top.v Line: 16
    Warning (15610): No output dependent on input pin "KEY[3]" File: C:/Users/hacke/Desktop/ECE 3544/Project 5/Project5_restored/project5Top.v Line: 16
    Warning (15610): No output dependent on input pin "SW[8]" File: C:/Users/hacke/Desktop/ECE 3544/Project 5/Project5_restored/project5Top.v Line: 17
    Warning (15610): No output dependent on input pin "SW[9]" File: C:/Users/hacke/Desktop/ECE 3544/Project 5/Project5_restored/project5Top.v Line: 17
Info (21057): Implemented 583 device resources after synthesis - the final resource count might be different
    Info (21058): Implemented 15 input pins
    Info (21059): Implemented 52 output pins
    Info (21061): Implemented 516 logic cells
Info: Quartus Prime Analysis & Synthesis was successful. 0 errors, 17 warnings
    Info: Peak virtual memory: 4845 megabytes
    Info: Processing ended: Wed Dec 09 17:53:05 2020
    Info: Elapsed time: 00:00:52
    Info: Total CPU time (on all processors): 00:01:12


+------------------------------------------+
; Analysis & Synthesis Suppressed Messages ;
+------------------------------------------+
The suppressed messages can be found in C:/Users/hacke/Desktop/ECE 3544/Project 5/Project5_restored/output_files/Project5Top.map.smsg.


